running egg_info
creating ../../build/vl53l8cx_publisher/vl53l8cx_publisher.egg-info
writing ../../build/vl53l8cx_publisher/vl53l8cx_publisher.egg-info/PKG-INFO
writing dependency_links to ../../build/vl53l8cx_publisher/vl53l8cx_publisher.egg-info/dependency_links.txt
writing entry points to ../../build/vl53l8cx_publisher/vl53l8cx_publisher.egg-info/entry_points.txt
writing requirements to ../../build/vl53l8cx_publisher/vl53l8cx_publisher.egg-info/requires.txt
writing top-level names to ../../build/vl53l8cx_publisher/vl53l8cx_publisher.egg-info/top_level.txt
writing manifest file '../../build/vl53l8cx_publisher/vl53l8cx_publisher.egg-info/SOURCES.txt'
reading manifest file '../../build/vl53l8cx_publisher/vl53l8cx_publisher.egg-info/SOURCES.txt'
writing manifest file '../../build/vl53l8cx_publisher/vl53l8cx_publisher.egg-info/SOURCES.txt'
running build
running build_py
creating /home/ubuntu/tof_ws/build/vl53l8cx_publisher/build
creating /home/ubuntu/tof_ws/build/vl53l8cx_publisher/build/lib
creating /home/ubuntu/tof_ws/build/vl53l8cx_publisher/build/lib/vl53l8cx_publisher
copying vl53l8cx_publisher/vl53l8cx_node.py -> /home/ubuntu/tof_ws/build/vl53l8cx_publisher/build/lib/vl53l8cx_publisher
copying vl53l8cx_publisher/__init__.py -> /home/ubuntu/tof_ws/build/vl53l8cx_publisher/build/lib/vl53l8cx_publisher
running install
running install_lib
creating /home/ubuntu/tof_ws/install/vl53l8cx_publisher/lib/python3.8/site-packages/vl53l8cx_publisher
copying /home/ubuntu/tof_ws/build/vl53l8cx_publisher/build/lib/vl53l8cx_publisher/vl53l8cx_node.py -> /home/ubuntu/tof_ws/install/vl53l8cx_publisher/lib/python3.8/site-packages/vl53l8cx_publisher
copying /home/ubuntu/tof_ws/build/vl53l8cx_publisher/build/lib/vl53l8cx_publisher/__init__.py -> /home/ubuntu/tof_ws/install/vl53l8cx_publisher/lib/python3.8/site-packages/vl53l8cx_publisher
byte-compiling /home/ubuntu/tof_ws/install/vl53l8cx_publisher/lib/python3.8/site-packages/vl53l8cx_publisher/vl53l8cx_node.py to vl53l8cx_node.cpython-38.pyc
byte-compiling /home/ubuntu/tof_ws/install/vl53l8cx_publisher/lib/python3.8/site-packages/vl53l8cx_publisher/__init__.py to __init__.cpython-38.pyc
running install_data
creating /home/ubuntu/tof_ws/install/vl53l8cx_publisher/share/ament_index
creating /home/ubuntu/tof_ws/install/vl53l8cx_publisher/share/ament_index/resource_index
creating /home/ubuntu/tof_ws/install/vl53l8cx_publisher/share/ament_index/resource_index/packages
copying resource/vl53l8cx_publisher -> /home/ubuntu/tof_ws/install/vl53l8cx_publisher/share/ament_index/resource_index/packages
copying package.xml -> /home/ubuntu/tof_ws/install/vl53l8cx_publisher/share/vl53l8cx_publisher
running install_egg_info
Copying ../../build/vl53l8cx_publisher/vl53l8cx_publisher.egg-info to /home/ubuntu/tof_ws/install/vl53l8cx_publisher/lib/python3.8/site-packages/vl53l8cx_publisher-0.0.0-py3.8.egg-info
running install_scripts
Installing vl53l8cx_node script to /home/ubuntu/tof_ws/install/vl53l8cx_publisher/lib/vl53l8cx_publisher
writing list of installed files to '/home/ubuntu/tof_ws/build/vl53l8cx_publisher/install.log'
