[1.485s] DEBUG:colcon:Command line arguments: ['/usr/bin/colcon', 'build']
[1.486s] DEBUG:colcon:Parsed command line arguments: Namespace(allow_overriding=[], ament_cmake_args=None, base_paths=['.'], build_base='build', catkin_cmake_args=None, catkin_skip_building_tests=False, cmake_args=None, cmake_clean_cache=False, cmake_clean_first=False, cmake_force_configure=False, cmake_target=None, cmake_target_skip_unavailable=False, continue_on_error=False, event_handlers=None, executor='parallel', ignore_user_meta=False, install_base='install', log_base=None, log_level=None, main=<bound method BuildVerb.main of <colcon_core.verb.build.BuildVerb object at 0xffffa5e9b8e0>>, merge_install=False, metas=['./colcon.meta'], mixin=None, mixin_files=None, mixin_verb=('build',), packages_above=None, packages_above_and_dependencies=None, packages_above_depth=None, packages_end=None, packages_ignore=None, packages_ignore_regex=None, packages_select=None, packages_select_build_failed=False, packages_select_by_dep=None, packages_select_regex=None, packages_select_test_failures=False, packages_skip=None, packages_skip_build_finished=False, packages_skip_by_dep=None, packages_skip_regex=None, packages_skip_test_passed=False, packages_skip_up_to=None, packages_start=None, packages_up_to=None, packages_up_to_regex=None, parallel_workers=4, paths=None, symlink_install=False, test_result_base=None, verb_extension=<colcon_core.verb.build.BuildVerb object at 0xffffa5e9b8e0>, verb_name='build', verb_parser=<colcon_mixin.mixin.mixin_argument.MixinArgumentDecorator object at 0xffffa5c37ca0>)
[1.567s] Level 1:colcon.colcon_core.package_discovery:discover_packages(colcon_meta) check parameters
[1.567s] Level 1:colcon.colcon_core.package_discovery:discover_packages(recursive) check parameters
[1.568s] Level 1:colcon.colcon_core.package_discovery:discover_packages(ignore) check parameters
[1.568s] Level 1:colcon.colcon_core.package_discovery:discover_packages(path) check parameters
[1.568s] Level 1:colcon.colcon_core.package_discovery:discover_packages(colcon_meta) discover
[1.568s] Level 1:colcon.colcon_core.package_discovery:discover_packages(recursive) discover
[1.568s] INFO:colcon.colcon_core.package_discovery:Crawling recursively for packages in '/home/ubuntu/tof_ws'
[1.568s] Level 1:colcon.colcon_core.package_identification:_identify(.) by extensions ['ignore', 'ignore_ament_install']
[1.569s] Level 1:colcon.colcon_core.package_identification:_identify(.) by extension 'ignore'
[1.569s] Level 1:colcon.colcon_core.package_identification:_identify(.) by extension 'ignore_ament_install'
[1.569s] Level 1:colcon.colcon_core.package_identification:_identify(.) by extensions ['colcon_pkg']
[1.569s] Level 1:colcon.colcon_core.package_identification:_identify(.) by extension 'colcon_pkg'
[1.569s] Level 1:colcon.colcon_core.package_identification:_identify(.) by extensions ['colcon_meta']
[1.570s] Level 1:colcon.colcon_core.package_identification:_identify(.) by extension 'colcon_meta'
[1.570s] Level 1:colcon.colcon_core.package_identification:_identify(.) by extensions ['ros']
[1.570s] Level 1:colcon.colcon_core.package_identification:_identify(.) by extension 'ros'
[1.612s] Level 1:colcon.colcon_core.package_identification:_identify(.) by extensions ['cmake', 'python']
[1.613s] Level 1:colcon.colcon_core.package_identification:_identify(.) by extension 'cmake'
[1.613s] Level 1:colcon.colcon_core.package_identification:_identify(.) by extension 'python'
[1.613s] Level 1:colcon.colcon_core.package_identification:_identify(.) by extensions ['python_setup_py']
[1.613s] Level 1:colcon.colcon_core.package_identification:_identify(.) by extension 'python_setup_py'
[1.614s] Level 1:colcon.colcon_core.package_identification:_identify(build) by extensions ['ignore', 'ignore_ament_install']
[1.614s] Level 1:colcon.colcon_core.package_identification:_identify(build) by extension 'ignore'
[1.614s] Level 1:colcon.colcon_core.package_identification:_identify(build) ignored
[1.614s] Level 1:colcon.colcon_core.package_identification:_identify(install) by extensions ['ignore', 'ignore_ament_install']
[1.615s] Level 1:colcon.colcon_core.package_identification:_identify(install) by extension 'ignore'
[1.615s] Level 1:colcon.colcon_core.package_identification:_identify(install) ignored
[1.615s] Level 1:colcon.colcon_core.package_identification:_identify(log) by extensions ['ignore', 'ignore_ament_install']
[1.615s] Level 1:colcon.colcon_core.package_identification:_identify(log) by extension 'ignore'
[1.616s] Level 1:colcon.colcon_core.package_identification:_identify(log) ignored
[1.616s] Level 1:colcon.colcon_core.package_identification:_identify(src) by extensions ['ignore', 'ignore_ament_install']
[1.616s] Level 1:colcon.colcon_core.package_identification:_identify(src) by extension 'ignore'
[1.616s] Level 1:colcon.colcon_core.package_identification:_identify(src) by extension 'ignore_ament_install'
[1.617s] Level 1:colcon.colcon_core.package_identification:_identify(src) by extensions ['colcon_pkg']
[1.617s] Level 1:colcon.colcon_core.package_identification:_identify(src) by extension 'colcon_pkg'
[1.617s] Level 1:colcon.colcon_core.package_identification:_identify(src) by extensions ['colcon_meta']
[1.617s] Level 1:colcon.colcon_core.package_identification:_identify(src) by extension 'colcon_meta'
[1.617s] Level 1:colcon.colcon_core.package_identification:_identify(src) by extensions ['ros']
[1.617s] Level 1:colcon.colcon_core.package_identification:_identify(src) by extension 'ros'
[1.618s] Level 1:colcon.colcon_core.package_identification:_identify(src) by extensions ['cmake', 'python']
[1.618s] Level 1:colcon.colcon_core.package_identification:_identify(src) by extension 'cmake'
[1.618s] Level 1:colcon.colcon_core.package_identification:_identify(src) by extension 'python'
[1.618s] Level 1:colcon.colcon_core.package_identification:_identify(src) by extensions ['python_setup_py']
[1.618s] Level 1:colcon.colcon_core.package_identification:_identify(src) by extension 'python_setup_py'
[1.618s] Level 1:colcon.colcon_core.package_identification:_identify(src/vl53l8cx_publisher) by extensions ['ignore', 'ignore_ament_install']
[1.619s] Level 1:colcon.colcon_core.package_identification:_identify(src/vl53l8cx_publisher) by extension 'ignore'
[1.619s] Level 1:colcon.colcon_core.package_identification:_identify(src/vl53l8cx_publisher) by extension 'ignore_ament_install'
[1.619s] Level 1:colcon.colcon_core.package_identification:_identify(src/vl53l8cx_publisher) by extensions ['colcon_pkg']
[1.619s] Level 1:colcon.colcon_core.package_identification:_identify(src/vl53l8cx_publisher) by extension 'colcon_pkg'
[1.619s] Level 1:colcon.colcon_core.package_identification:_identify(src/vl53l8cx_publisher) by extensions ['colcon_meta']
[1.619s] Level 1:colcon.colcon_core.package_identification:_identify(src/vl53l8cx_publisher) by extension 'colcon_meta'
[1.620s] Level 1:colcon.colcon_core.package_identification:_identify(src/vl53l8cx_publisher) by extensions ['ros']
[1.620s] Level 1:colcon.colcon_core.package_identification:_identify(src/vl53l8cx_publisher) by extension 'ros'
[1.628s] DEBUG:colcon.colcon_core.package_identification:Package 'src/vl53l8cx_publisher' with type 'ros.ament_python' and name 'vl53l8cx_publisher'
[1.629s] Level 1:colcon.colcon_core.package_discovery:discover_packages(recursive) using defaults
[1.629s] Level 1:colcon.colcon_core.package_discovery:discover_packages(ignore) discover
[1.629s] Level 1:colcon.colcon_core.package_discovery:discover_packages(ignore) using defaults
[1.629s] Level 1:colcon.colcon_core.package_discovery:discover_packages(path) discover
[1.629s] Level 1:colcon.colcon_core.package_discovery:discover_packages(path) using defaults
[1.687s] Level 1:colcon.colcon_core.package_discovery:discover_packages(prefix_path) check parameters
[1.687s] Level 1:colcon.colcon_core.package_discovery:discover_packages(prefix_path) discover
[1.691s] WARNING:colcon.colcon_ros.prefix_path.ament:The path '/home/ubuntu/tof_ws/install/vl53l8cx_publisher' in the environment variable AMENT_PREFIX_PATH doesn't exist
[1.700s] DEBUG:colcon.colcon_installed_package_information.package_discovery:Found 0 installed packages in /home/ubuntu/tof_ws/install
[1.706s] DEBUG:colcon.colcon_installed_package_information.package_discovery:Found 28 installed packages in /home/ubuntu/turtlebot4/install
[1.716s] DEBUG:colcon.colcon_installed_package_information.package_discovery:Found 315 installed packages in /opt/ros/galactic
[1.764s] Level 1:colcon.colcon_core.package_discovery:discover_packages(prefix_path) using defaults
[2.127s] Level 5:colcon.colcon_core.verb:set package 'vl53l8cx_publisher' build argument 'cmake_args' from command line to 'None'
[2.127s] Level 5:colcon.colcon_core.verb:set package 'vl53l8cx_publisher' build argument 'cmake_target' from command line to 'None'
[2.127s] Level 5:colcon.colcon_core.verb:set package 'vl53l8cx_publisher' build argument 'cmake_target_skip_unavailable' from command line to 'False'
[2.127s] Level 5:colcon.colcon_core.verb:set package 'vl53l8cx_publisher' build argument 'cmake_clean_cache' from command line to 'False'
[2.127s] Level 5:colcon.colcon_core.verb:set package 'vl53l8cx_publisher' build argument 'cmake_clean_first' from command line to 'False'
[2.127s] Level 5:colcon.colcon_core.verb:set package 'vl53l8cx_publisher' build argument 'cmake_force_configure' from command line to 'False'
[2.127s] Level 5:colcon.colcon_core.verb:set package 'vl53l8cx_publisher' build argument 'ament_cmake_args' from command line to 'None'
[2.128s] Level 5:colcon.colcon_core.verb:set package 'vl53l8cx_publisher' build argument 'catkin_cmake_args' from command line to 'None'
[2.128s] Level 5:colcon.colcon_core.verb:set package 'vl53l8cx_publisher' build argument 'catkin_skip_building_tests' from command line to 'False'
[2.128s] DEBUG:colcon.colcon_core.verb:Building package 'vl53l8cx_publisher' with the following arguments: {'ament_cmake_args': None, 'build_base': '/home/ubuntu/tof_ws/build/vl53l8cx_publisher', 'catkin_cmake_args': None, 'catkin_skip_building_tests': False, 'cmake_args': None, 'cmake_clean_cache': False, 'cmake_clean_first': False, 'cmake_force_configure': False, 'cmake_target': None, 'cmake_target_skip_unavailable': False, 'install_base': '/home/ubuntu/tof_ws/install/vl53l8cx_publisher', 'merge_install': False, 'path': '/home/ubuntu/tof_ws/src/vl53l8cx_publisher', 'symlink_install': False, 'test_result_base': None}
[2.128s] INFO:colcon.colcon_core.executor:Executing jobs using 'parallel' executor
[2.132s] DEBUG:colcon.colcon_parallel_executor.executor.parallel:run_until_complete
[2.133s] INFO:colcon.colcon_ros.task.ament_python.build:Building ROS package in '/home/ubuntu/tof_ws/src/vl53l8cx_publisher' with build type 'ament_python'
[2.134s] Level 1:colcon.colcon_core.shell:create_environment_hook('vl53l8cx_publisher', 'ament_prefix_path')
[2.142s] INFO:colcon.colcon_core.plugin_system:Skipping extension 'colcon_core.shell.bat': Not used on non-Windows systems
[2.143s] INFO:colcon.colcon_core.shell:Creating environment hook '/home/ubuntu/tof_ws/install/vl53l8cx_publisher/share/vl53l8cx_publisher/hook/ament_prefix_path.ps1'
[2.145s] INFO:colcon.colcon_core.shell:Creating environment descriptor '/home/ubuntu/tof_ws/install/vl53l8cx_publisher/share/vl53l8cx_publisher/hook/ament_prefix_path.dsv'
[2.147s] INFO:colcon.colcon_core.shell:Creating environment hook '/home/ubuntu/tof_ws/install/vl53l8cx_publisher/share/vl53l8cx_publisher/hook/ament_prefix_path.sh'
[2.150s] INFO:colcon.colcon_core.shell:Skip shell extension 'powershell' for command environment: Not usable outside of PowerShell
[2.150s] DEBUG:colcon.colcon_core.shell:Skip shell extension 'dsv' for command environment
[3.199s] INFO:colcon.colcon_core.task.python.build:Building Python package in '/home/ubuntu/tof_ws/src/vl53l8cx_publisher'
[3.201s] INFO:colcon.colcon_core.shell:Skip shell extension 'powershell' for command environment: Not usable outside of PowerShell
[3.201s] DEBUG:colcon.colcon_core.shell:Skip shell extension 'dsv' for command environment
[4.898s] DEBUG:colcon.colcon_core.event_handler.log_command:Invoking command in '/home/ubuntu/tof_ws/src/vl53l8cx_publisher': PYTHONPATH=/home/ubuntu/tof_ws/build/vl53l8cx_publisher/prefix_override:/usr/lib/python3/dist-packages/colcon_core/task/python/colcon_distutils_commands:/home/ubuntu/tof_ws/install/vl53l8cx_publisher/lib/python3.8/site-packages:${PYTHONPATH} /usr/bin/python3 -W ignore:setup.py install is deprecated -W ignore:easy_install command is deprecated setup.py egg_info --egg-base ../../build/vl53l8cx_publisher build --build-base /home/ubuntu/tof_ws/build/vl53l8cx_publisher/build install --record /home/ubuntu/tof_ws/build/vl53l8cx_publisher/install.log --single-version-externally-managed install_data
[6.214s] DEBUG:colcon.colcon_core.event_handler.log_command:Invoked command in '/home/ubuntu/tof_ws/src/vl53l8cx_publisher' returned '0': PYTHONPATH=/home/ubuntu/tof_ws/build/vl53l8cx_publisher/prefix_override:/usr/lib/python3/dist-packages/colcon_core/task/python/colcon_distutils_commands:/home/ubuntu/tof_ws/install/vl53l8cx_publisher/lib/python3.8/site-packages:${PYTHONPATH} /usr/bin/python3 -W ignore:setup.py install is deprecated -W ignore:easy_install command is deprecated setup.py egg_info --egg-base ../../build/vl53l8cx_publisher build --build-base /home/ubuntu/tof_ws/build/vl53l8cx_publisher/build install --record /home/ubuntu/tof_ws/build/vl53l8cx_publisher/install.log --single-version-externally-managed install_data
[6.226s] Level 1:colcon.colcon_core.environment:checking '/home/ubuntu/tof_ws/install/vl53l8cx_publisher' for CMake module files
[6.229s] Level 1:colcon.colcon_core.environment:checking '/home/ubuntu/tof_ws/install/vl53l8cx_publisher' for CMake config files
[6.232s] Level 1:colcon.colcon_core.environment:checking '/home/ubuntu/tof_ws/install/vl53l8cx_publisher/lib'
[6.233s] Level 1:colcon.colcon_core.environment:checking '/home/ubuntu/tof_ws/install/vl53l8cx_publisher/bin'
[6.233s] Level 1:colcon.colcon_core.environment:checking '/home/ubuntu/tof_ws/install/vl53l8cx_publisher/lib/pkgconfig/vl53l8cx_publisher.pc'
[6.234s] Level 1:colcon.colcon_core.environment:checking '/home/ubuntu/tof_ws/install/vl53l8cx_publisher/lib/python3.8/site-packages'
[6.234s] Level 1:colcon.colcon_core.shell:create_environment_hook('vl53l8cx_publisher', 'pythonpath')
[6.235s] INFO:colcon.colcon_core.shell:Creating environment hook '/home/ubuntu/tof_ws/install/vl53l8cx_publisher/share/vl53l8cx_publisher/hook/pythonpath.ps1'
[6.237s] INFO:colcon.colcon_core.shell:Creating environment descriptor '/home/ubuntu/tof_ws/install/vl53l8cx_publisher/share/vl53l8cx_publisher/hook/pythonpath.dsv'
[6.238s] INFO:colcon.colcon_core.shell:Creating environment hook '/home/ubuntu/tof_ws/install/vl53l8cx_publisher/share/vl53l8cx_publisher/hook/pythonpath.sh'
[6.241s] Level 1:colcon.colcon_core.environment:checking '/home/ubuntu/tof_ws/install/vl53l8cx_publisher/bin'
[6.241s] Level 1:colcon.colcon_core.environment:create_environment_scripts_only(vl53l8cx_publisher)
[6.243s] INFO:colcon.colcon_core.shell:Creating package script '/home/ubuntu/tof_ws/install/vl53l8cx_publisher/share/vl53l8cx_publisher/package.ps1'
[6.246s] INFO:colcon.colcon_core.shell:Creating package descriptor '/home/ubuntu/tof_ws/install/vl53l8cx_publisher/share/vl53l8cx_publisher/package.dsv'
[6.248s] INFO:colcon.colcon_core.shell:Creating package script '/home/ubuntu/tof_ws/install/vl53l8cx_publisher/share/vl53l8cx_publisher/package.sh'
[6.251s] INFO:colcon.colcon_core.shell:Creating package script '/home/ubuntu/tof_ws/install/vl53l8cx_publisher/share/vl53l8cx_publisher/package.bash'
[6.253s] INFO:colcon.colcon_core.shell:Creating package script '/home/ubuntu/tof_ws/install/vl53l8cx_publisher/share/vl53l8cx_publisher/package.zsh'
[6.256s] Level 1:colcon.colcon_core.environment:create_file_with_runtime_dependencies(/home/ubuntu/tof_ws/install/vl53l8cx_publisher/share/colcon-core/packages/vl53l8cx_publisher)
[6.258s] DEBUG:colcon.colcon_parallel_executor.executor.parallel:closing loop
[6.259s] DEBUG:colcon.colcon_parallel_executor.executor.parallel:loop closed
[6.259s] DEBUG:colcon.colcon_parallel_executor.executor.parallel:run_until_complete finished with '0'
[6.259s] DEBUG:colcon.colcon_core.event_reactor:joining thread
[6.283s] INFO:colcon.colcon_core.plugin_system:Skipping extension 'colcon_notification.desktop_notification.notify_send': Could not find 'notify-send'
[6.284s] INFO:colcon.colcon_core.plugin_system:Skipping extension 'colcon_notification.desktop_notification.terminal_notifier': Not used on non-Darwin systems
[6.284s] INFO:colcon.colcon_core.plugin_system:Skipping extension 'colcon_notification.desktop_notification.win32': Not used on non-Windows systems
[6.284s] INFO:colcon.colcon_notification.desktop_notification:Sending desktop notification using 'notify2'
[6.287s] DEBUG:colcon.colcon_notification.desktop_notification.notify2:Failed to initialize notify2: org.freedesktop.DBus.Error.ServiceUnknown: The name org.freedesktop.Notifications was not provided by any .service files
[6.287s] DEBUG:colcon.colcon_core.event_reactor:joined thread
[6.288s] INFO:colcon.colcon_core.shell:Creating prefix script '/home/ubuntu/tof_ws/install/local_setup.ps1'
[6.291s] INFO:colcon.colcon_core.shell:Creating prefix util module '/home/ubuntu/tof_ws/install/_local_setup_util_ps1.py'
[6.297s] INFO:colcon.colcon_core.shell:Creating prefix chain script '/home/ubuntu/tof_ws/install/setup.ps1'
[6.308s] INFO:colcon.colcon_core.shell:Creating prefix script '/home/ubuntu/tof_ws/install/local_setup.sh'
[6.310s] INFO:colcon.colcon_core.shell:Creating prefix util module '/home/ubuntu/tof_ws/install/_local_setup_util_sh.py'
[6.312s] INFO:colcon.colcon_core.shell:Creating prefix chain script '/home/ubuntu/tof_ws/install/setup.sh'
[6.323s] INFO:colcon.colcon_core.shell:Creating prefix script '/home/ubuntu/tof_ws/install/local_setup.bash'
[6.325s] INFO:colcon.colcon_core.shell:Creating prefix chain script '/home/ubuntu/tof_ws/install/setup.bash'
[6.335s] INFO:colcon.colcon_core.shell:Creating prefix script '/home/ubuntu/tof_ws/install/local_setup.zsh'
[6.337s] INFO:colcon.colcon_core.shell:Creating prefix chain script '/home/ubuntu/tof_ws/install/setup.zsh'
